{"/home/deq/Desktop/trainingCode/firstapp/assets/BackButtonback.png": {"path":"/home/deq/Desktop/trainingCode/firstapp/assets/BackButtonback.png","statementMap":{"0":{"start":{"line":1,"column":0},"end":{"line":4,"column":6}}},"fnMap":{},"branchMap":{},"s":{"0":1},"f":{},"b":{},"_coverageSchema":"1a1c01bbd47fc00a2c39e90264f33305004495a9","hash":"c8c04ad291d12415bbda8a1b0749614e403e0769"}
,"/home/deq/Desktop/trainingCode/firstapp/assets/apple.png": {"path":"/home/deq/Desktop/trainingCode/firstapp/assets/apple.png","statementMap":{"0":{"start":{"line":1,"column":0},"end":{"line":4,"column":6}}},"fnMap":{},"branchMap":{},"s":{"0":1},"f":{},"b":{},"_coverageSchema":"1a1c01bbd47fc00a2c39e90264f33305004495a9","hash":"0d100a924600906f360bd5d1cf327473e2c67d85"}
,"/home/deq/Desktop/trainingCode/firstapp/assets/fb.png": {"path":"/home/deq/Desktop/trainingCode/firstapp/assets/fb.png","statementMap":{"0":{"start":{"line":1,"column":0},"end":{"line":4,"column":6}}},"fnMap":{},"branchMap":{},"s":{"0":1},"f":{},"b":{},"_coverageSchema":"1a1c01bbd47fc00a2c39e90264f33305004495a9","hash":"7da2197b4034277ac02574687092ef1a20eca4bd"}
,"/home/deq/Desktop/trainingCode/firstapp/assets/google.png": {"path":"/home/deq/Desktop/trainingCode/firstapp/assets/google.png","statementMap":{"0":{"start":{"line":1,"column":0},"end":{"line":4,"column":6}}},"fnMap":{},"branchMap":{},"s":{"0":1},"f":{},"b":{},"_coverageSchema":"1a1c01bbd47fc00a2c39e90264f33305004495a9","hash":"d789cf7063f605be69c8c8cd739945c95ca0f674"}
,"/home/deq/Desktop/trainingCode/firstapp/assets/hide_pass.png": {"path":"/home/deq/Desktop/trainingCode/firstapp/assets/hide_pass.png","statementMap":{"0":{"start":{"line":1,"column":0},"end":{"line":4,"column":6}}},"fnMap":{},"branchMap":{},"s":{"0":1},"f":{},"b":{},"_coverageSchema":"1a1c01bbd47fc00a2c39e90264f33305004495a9","hash":"e95410bda3c8ce915020e6aff8c42a0ffbb2906d"}
,"/home/deq/Desktop/trainingCode/firstapp/assets/setting.png": {"path":"/home/deq/Desktop/trainingCode/firstapp/assets/setting.png","statementMap":{"0":{"start":{"line":1,"column":0},"end":{"line":4,"column":6}}},"fnMap":{},"branchMap":{},"s":{"0":1},"f":{},"b":{},"_coverageSchema":"1a1c01bbd47fc00a2c39e90264f33305004495a9","hash":"b644c12b02713bda478e219e60c7df5c909f328d"}
,"/home/deq/Desktop/trainingCode/firstapp/assets/view.png": {"path":"/home/deq/Desktop/trainingCode/firstapp/assets/view.png","statementMap":{"0":{"start":{"line":1,"column":0},"end":{"line":4,"column":6}}},"fnMap":{},"branchMap":{},"s":{"0":1},"f":{},"b":{},"_coverageSchema":"1a1c01bbd47fc00a2c39e90264f33305004495a9","hash":"0a2336ac63cf95993c5b1910f97b4c995aead097"}
,"/home/deq/Desktop/trainingCode/firstapp/components/CustomHeader.tsx": {"path":"/home/deq/Desktop/trainingCode/firstapp/components/CustomHeader.tsx","statementMap":{"0":{"start":{"line":6,"column":8},"end":{"line":15,"column":9}},"1":{"start":{"line":21,"column":15},"end":{"line":31,"column":2}}},"fnMap":{"0":{"name":"(anonymous_0)","decl":{"start":{"line":5,"column":4},"end":{"line":5,"column":5}},"loc":{"start":{"line":5,"column":13},"end":{"line":16,"column":5}},"line":5}},"branchMap":{},"s":{"0":8,"1":1},"f":{"0":8},"b":{},"_coverageSchema":"1a1c01bbd47fc00a2c39e90264f33305004495a9","hash":"29ae9411baa8714a502bb72640c38908debedb72"}
,"/home/deq/Desktop/trainingCode/firstapp/screens/LoginScreen.tsx": {"path":"/home/deq/Desktop/trainingCode/firstapp/screens/LoginScreen.tsx","statementMap":{"0":{"start":{"line":14,"column":8},"end":{"line":14,"column":20}},"1":{"start":{"line":15,"column":8},"end":{"line":21,"column":9}},"2":{"start":{"line":25,"column":8},"end":{"line":25,"column":66}},"3":{"start":{"line":28,"column":4},"end":{"line":83,"column":5}},"4":{"start":{"line":34,"column":142},"end":{"line":34,"column":186}},"5":{"start":{"line":40,"column":177},"end":{"line":40,"column":224}},"6":{"start":{"line":41,"column":64},"end":{"line":41,"column":122}},"7":{"start":{"line":53,"column":85},"end":{"line":53,"column":103}},"8":{"start":{"line":89,"column":15},"end":{"line":190,"column":2}}},"fnMap":{"0":{"name":"(anonymous_0)","decl":{"start":{"line":13,"column":4},"end":{"line":13,"column":5}},"loc":{"start":{"line":13,"column":28},"end":{"line":22,"column":5}},"line":13},"1":{"name":"(anonymous_1)","decl":{"start":{"line":24,"column":4},"end":{"line":24,"column":5}},"loc":{"start":{"line":24,"column":18},"end":{"line":26,"column":5}},"line":24},"2":{"name":"(anonymous_2)","decl":{"start":{"line":27,"column":2},"end":{"line":27,"column":3}},"loc":{"start":{"line":27,"column":11},"end":{"line":84,"column":3}},"line":27},"3":{"name":"(anonymous_3)","decl":{"start":{"line":34,"column":132},"end":{"line":34,"column":133}},"loc":{"start":{"line":34,"column":142},"end":{"line":34,"column":186}},"line":34},"4":{"name":"(anonymous_4)","decl":{"start":{"line":40,"column":167},"end":{"line":40,"column":168}},"loc":{"start":{"line":40,"column":177},"end":{"line":40,"column":224}},"line":40},"5":{"name":"(anonymous_5)","decl":{"start":{"line":41,"column":58},"end":{"line":41,"column":59}},"loc":{"start":{"line":41,"column":64},"end":{"line":41,"column":122}},"line":41},"6":{"name":"(anonymous_6)","decl":{"start":{"line":53,"column":79},"end":{"line":53,"column":80}},"loc":{"start":{"line":53,"column":85},"end":{"line":53,"column":103}},"line":53}},"branchMap":{"0":{"loc":{"start":{"line":36,"column":12},"end":{"line":36,"column":103}},"type":"binary-expr","locations":[{"start":{"line":36,"column":12},"end":{"line":36,"column":33}},{"start":{"line":36,"column":38},"end":{"line":36,"column":103}}],"line":36},"1":{"loc":{"start":{"line":42,"column":56},"end":{"line":42,"column":142}},"type":"cond-expr","locations":[{"start":{"line":42,"column":76},"end":{"line":42,"column":105}},{"start":{"line":42,"column":108},"end":{"line":42,"column":142}}],"line":42},"2":{"loc":{"start":{"line":46,"column":14},"end":{"line":46,"column":143}},"type":"binary-expr","locations":[{"start":{"line":46,"column":14},"end":{"line":46,"column":38}},{"start":{"line":46,"column":45},"end":{"line":46,"column":143}}],"line":46}},"s":{"0":4,"1":4,"2":1,"3":8,"4":1,"5":1,"6":2,"7":1,"8":1},"f":{"0":4,"1":1,"2":8,"3":1,"4":1,"5":2,"6":1},"b":{"0":[8,0],"1":[1,7],"2":[8,0]},"_coverageSchema":"1a1c01bbd47fc00a2c39e90264f33305004495a9","hash":"57007ede3d952e7ece75eafe17190973bd4134ba"}
}
