{"C:\\Users\\Hp\\Desktop\\dequode\\learning-typescript\\native_deq_prac_app\\assets\\BackButtonback.png": {"path":"C:\\Users\\Hp\\Desktop\\dequode\\learning-typescript\\native_deq_prac_app\\assets\\BackButtonback.png","statementMap":{"0":{"start":{"line":1,"column":0},"end":{"line":4,"column":6}}},"fnMap":{},"branchMap":{},"s":{"0":1},"f":{},"b":{},"_coverageSchema":"1a1c01bbd47fc00a2c39e90264f33305004495a9","hash":"dad45603e357a622e6a409e63975663c1324d316"}
,"C:\\Users\\Hp\\Desktop\\dequode\\learning-typescript\\native_deq_prac_app\\assets\\apple.png": {"path":"C:\\Users\\Hp\\Desktop\\dequode\\learning-typescript\\native_deq_prac_app\\assets\\apple.png","statementMap":{"0":{"start":{"line":1,"column":0},"end":{"line":4,"column":6}}},"fnMap":{},"branchMap":{},"s":{"0":1},"f":{},"b":{},"_coverageSchema":"1a1c01bbd47fc00a2c39e90264f33305004495a9","hash":"a79291b3c2f13de37c8a93ab88b7d28398ae1e5c"}
,"C:\\Users\\Hp\\Desktop\\dequode\\learning-typescript\\native_deq_prac_app\\assets\\fb.png": {"path":"C:\\Users\\Hp\\Desktop\\dequode\\learning-typescript\\native_deq_prac_app\\assets\\fb.png","statementMap":{"0":{"start":{"line":1,"column":0},"end":{"line":4,"column":6}}},"fnMap":{},"branchMap":{},"s":{"0":1},"f":{},"b":{},"_coverageSchema":"1a1c01bbd47fc00a2c39e90264f33305004495a9","hash":"1a0b86bd3bd1851bf8b0ae636050194b4f235116"}
,"C:\\Users\\Hp\\Desktop\\dequode\\learning-typescript\\native_deq_prac_app\\assets\\google.png": {"path":"C:\\Users\\Hp\\Desktop\\dequode\\learning-typescript\\native_deq_prac_app\\assets\\google.png","statementMap":{"0":{"start":{"line":1,"column":0},"end":{"line":4,"column":6}}},"fnMap":{},"branchMap":{},"s":{"0":1},"f":{},"b":{},"_coverageSchema":"1a1c01bbd47fc00a2c39e90264f33305004495a9","hash":"55e9ec012267d4c6edffb881d9f38ec66267b7f9"}
,"C:\\Users\\Hp\\Desktop\\dequode\\learning-typescript\\native_deq_prac_app\\assets\\hide_pass.png": {"path":"C:\\Users\\Hp\\Desktop\\dequode\\learning-typescript\\native_deq_prac_app\\assets\\hide_pass.png","statementMap":{"0":{"start":{"line":1,"column":0},"end":{"line":4,"column":6}}},"fnMap":{},"branchMap":{},"s":{"0":1},"f":{},"b":{},"_coverageSchema":"1a1c01bbd47fc00a2c39e90264f33305004495a9","hash":"12cd65e8ac0b0226456105ef0521abc72a83cee0"}
,"C:\\Users\\Hp\\Desktop\\dequode\\learning-typescript\\native_deq_prac_app\\assets\\setting.png": {"path":"C:\\Users\\Hp\\Desktop\\dequode\\learning-typescript\\native_deq_prac_app\\assets\\setting.png","statementMap":{"0":{"start":{"line":1,"column":0},"end":{"line":4,"column":6}}},"fnMap":{},"branchMap":{},"s":{"0":1},"f":{},"b":{},"_coverageSchema":"1a1c01bbd47fc00a2c39e90264f33305004495a9","hash":"f39d75f327974289ecdfc295777f80ef4ae74051"}
,"C:\\Users\\Hp\\Desktop\\dequode\\learning-typescript\\native_deq_prac_app\\assets\\view.png": {"path":"C:\\Users\\Hp\\Desktop\\dequode\\learning-typescript\\native_deq_prac_app\\assets\\view.png","statementMap":{"0":{"start":{"line":1,"column":0},"end":{"line":4,"column":6}}},"fnMap":{},"branchMap":{},"s":{"0":1},"f":{},"b":{},"_coverageSchema":"1a1c01bbd47fc00a2c39e90264f33305004495a9","hash":"971a57df0aae2b701d9c67b4fe71a20d6d7f0406"}
,"C:\\Users\\Hp\\Desktop\\dequode\\learning-typescript\\native_deq_prac_app\\components\\CustomHeader.tsx": {"path":"C:\\Users\\Hp\\Desktop\\dequode\\learning-typescript\\native_deq_prac_app\\components\\CustomHeader.tsx","statementMap":{"0":{"start":{"line":6,"column":8},"end":{"line":15,"column":9}},"1":{"start":{"line":21,"column":15},"end":{"line":31,"column":2}}},"fnMap":{"0":{"name":"(anonymous_0)","decl":{"start":{"line":5,"column":4},"end":{"line":5,"column":5}},"loc":{"start":{"line":5,"column":13},"end":{"line":16,"column":5}},"line":5}},"branchMap":{},"s":{"0":12,"1":1},"f":{"0":12},"b":{},"_coverageSchema":"1a1c01bbd47fc00a2c39e90264f33305004495a9","hash":"8d9fd3f28897722cd6d800b2f25daf24c226c9b6"}
,"C:\\Users\\Hp\\Desktop\\dequode\\learning-typescript\\native_deq_prac_app\\screens\\LoginScreen.tsx": {"path":"C:\\Users\\Hp\\Desktop\\dequode\\learning-typescript\\native_deq_prac_app\\screens\\LoginScreen.tsx","statementMap":{"0":{"start":{"line":25,"column":4},"end":{"line":25,"column":17}},"1":{"start":{"line":26,"column":4},"end":{"line":32,"column":6}},"2":{"start":{"line":37,"column":4},"end":{"line":40,"column":5}},"3":{"start":{"line":38,"column":6},"end":{"line":38,"column":58}},"4":{"start":{"line":39,"column":6},"end":{"line":39,"column":13}},"5":{"start":{"line":43,"column":4},"end":{"line":151,"column":6}},"6":{"start":{"line":53,"column":36},"end":{"line":53,"column":79}},"7":{"start":{"line":70,"column":18},"end":{"line":70,"column":64}},"8":{"start":{"line":76,"column":18},"end":{"line":76,"column":76}},"9":{"start":{"line":106,"column":25},"end":{"line":106,"column":43}},"10":{"start":{"line":157,"column":15},"end":{"line":259,"column":2}}},"fnMap":{"0":{"name":"(anonymous_0)","decl":{"start":{"line":24,"column":2},"end":{"line":24,"column":3}},"loc":{"start":{"line":24,"column":25},"end":{"line":33,"column":3}},"line":24},"1":{"name":"(anonymous_1)","decl":{"start":{"line":35,"column":2},"end":{"line":35,"column":3}},"loc":{"start":{"line":35,"column":16},"end":{"line":41,"column":3}},"line":35},"2":{"name":"(anonymous_2)","decl":{"start":{"line":42,"column":2},"end":{"line":42,"column":3}},"loc":{"start":{"line":42,"column":11},"end":{"line":152,"column":3}},"line":42},"3":{"name":"(anonymous_3)","decl":{"start":{"line":53,"column":28},"end":{"line":53,"column":29}},"loc":{"start":{"line":53,"column":36},"end":{"line":53,"column":79}},"line":53},"4":{"name":"(anonymous_4)","decl":{"start":{"line":69,"column":30},"end":{"line":69,"column":31}},"loc":{"start":{"line":70,"column":18},"end":{"line":70,"column":64}},"line":70},"5":{"name":"(anonymous_5)","decl":{"start":{"line":75,"column":25},"end":{"line":75,"column":26}},"loc":{"start":{"line":76,"column":18},"end":{"line":76,"column":76}},"line":76},"6":{"name":"(anonymous_6)","decl":{"start":{"line":106,"column":19},"end":{"line":106,"column":20}},"loc":{"start":{"line":106,"column":25},"end":{"line":106,"column":43}},"line":106}},"branchMap":{"0":{"loc":{"start":{"line":37,"column":4},"end":{"line":40,"column":5}},"type":"if","locations":[{"start":{"line":37,"column":4},"end":{"line":40,"column":5}},{"start":{},"end":{}}],"line":37},"1":{"loc":{"start":{"line":56,"column":13},"end":{"line":60,"column":13}},"type":"binary-expr","locations":[{"start":{"line":56,"column":13},"end":{"line":56,"column":34}},{"start":{"line":57,"column":14},"end":{"line":59,"column":21}}],"line":56},"2":{"loc":{"start":{"line":81,"column":20},"end":{"line":83,"column":58}},"type":"cond-expr","locations":[{"start":{"line":82,"column":24},"end":{"line":82,"column":53}},{"start":{"line":83,"column":24},"end":{"line":83,"column":58}}],"line":81},"3":{"loc":{"start":{"line":89,"column":13},"end":{"line":93,"column":13}},"type":"binary-expr","locations":[{"start":{"line":89,"column":13},"end":{"line":89,"column":37}},{"start":{"line":90,"column":14},"end":{"line":92,"column":21}}],"line":89}},"s":{"0":5,"1":5,"2":2,"3":2,"4":2,"5":12,"6":2,"7":1,"8":2,"9":2,"10":1},"f":{"0":5,"1":2,"2":12,"3":2,"4":1,"5":2,"6":2},"b":{"0":[2,0],"1":[12,2],"2":[1,11],"3":[12,0]},"_coverageSchema":"1a1c01bbd47fc00a2c39e90264f33305004495a9","hash":"490c65bdb11b1b932af9cd9441fdf0ebeff5baaa"}
}
