TN:
SF:assets\BackButtonback.png
FNF:0
FNH:0
DA:1,1
LF:1
LH:1
BRF:0
BRH:0
end_of_record
TN:
SF:assets\apple.png
FNF:0
FNH:0
DA:1,1
LF:1
LH:1
BRF:0
BRH:0
end_of_record
TN:
SF:assets\fb.png
FNF:0
FNH:0
DA:1,1
LF:1
LH:1
BRF:0
BRH:0
end_of_record
TN:
SF:assets\google.png
FNF:0
FNH:0
DA:1,1
LF:1
LH:1
BRF:0
BRH:0
end_of_record
TN:
SF:assets\hide_pass.png
FNF:0
FNH:0
DA:1,1
LF:1
LH:1
BRF:0
BRH:0
end_of_record
TN:
SF:assets\setting.png
FNF:0
FNH:0
DA:1,1
LF:1
LH:1
BRF:0
BRH:0
end_of_record
TN:
SF:assets\view.png
FNF:0
FNH:0
DA:1,1
LF:1
LH:1
BRF:0
BRH:0
end_of_record
TN:
SF:components\CustomHeader.tsx
FN:5,(anonymous_0)
FNF:1
FNH:1
FNDA:12,(anonymous_0)
DA:6,12
DA:21,1
LF:2
LH:2
BRF:0
BRH:0
end_of_record
TN:
SF:screens\LoginScreen.tsx
FN:24,(anonymous_0)
FN:35,(anonymous_1)
FN:42,(anonymous_2)
FN:53,(anonymous_3)
FN:69,(anonymous_4)
FN:75,(anonymous_5)
FN:106,(anonymous_6)
FNF:7
FNH:7
FNDA:5,(anonymous_0)
FNDA:2,(anonymous_1)
FNDA:12,(anonymous_2)
FNDA:2,(anonymous_3)
FNDA:1,(anonymous_4)
FNDA:2,(anonymous_5)
FNDA:2,(anonymous_6)
DA:25,5
DA:26,5
DA:37,2
DA:38,2
DA:39,2
DA:43,12
DA:53,2
DA:70,1
DA:76,2
DA:106,2
DA:157,1
LF:11
LH:11
BRDA:37,0,0,2
BRDA:37,0,1,0
BRDA:56,1,0,12
BRDA:56,1,1,2
BRDA:81,2,0,1
BRDA:81,2,1,11
BRDA:89,3,0,12
BRDA:89,3,1,0
BRF:8
BRH:6
end_of_record
