TN:
SF:assets\BackButtonback.png
FNF:0
FNH:0
DA:1,1
LF:1
LH:1
BRF:0
BRH:0
end_of_record
TN:
SF:assets\apple.png
FNF:0
FNH:0
DA:1,1
LF:1
LH:1
BRF:0
BRH:0
end_of_record
TN:
SF:assets\fb.png
FNF:0
FNH:0
DA:1,1
LF:1
LH:1
BRF:0
BRH:0
end_of_record
TN:
SF:assets\google.png
FNF:0
FNH:0
DA:1,1
LF:1
LH:1
BRF:0
BRH:0
end_of_record
TN:
SF:assets\hide_pass.png
FNF:0
FNH:0
DA:1,1
LF:1
LH:1
BRF:0
BRH:0
end_of_record
TN:
SF:assets\setting.png
FNF:0
FNH:0
DA:1,1
LF:1
LH:1
BRF:0
BRH:0
end_of_record
TN:
SF:assets\view.png
FNF:0
FNH:0
DA:1,1
LF:1
LH:1
BRF:0
BRH:0
end_of_record
TN:
SF:components\CustomHeader.tsx
FN:5,(anonymous_0)
FNF:1
FNH:1
FNDA:26,(anonymous_0)
DA:6,26
DA:21,1
LF:2
LH:2
BRF:0
BRH:0
end_of_record
TN:
SF:screens\LoginScreen.tsx
FN:24,(anonymous_0)
FN:35,(anonymous_1)
FN:46,(anonymous_2)
FN:57,(anonymous_3)
FN:76,(anonymous_4)
FN:83,(anonymous_5)
FN:114,(anonymous_6)
FNF:7
FNH:7
FNDA:10,(anonymous_0)
FNDA:4,(anonymous_1)
FNDA:26,(anonymous_2)
FNDA:5,(anonymous_3)
FNDA:5,(anonymous_4)
FNDA:2,(anonymous_5)
FNDA:4,(anonymous_6)
DA:25,10
DA:26,10
DA:37,4
DA:38,2
DA:39,2
DA:41,2
DA:42,2
DA:43,2
DA:47,26
DA:58,5
DA:77,5
DA:84,2
DA:114,4
DA:165,1
LF:14
LH:14
BRDA:37,0,0,2
BRDA:37,0,1,2
BRDA:41,1,0,2
BRDA:41,1,1,0
BRDA:63,2,0,26
BRDA:63,2,1,2
BRDA:89,3,0,1
BRDA:89,3,1,25
BRDA:97,4,0,26
BRDA:97,4,1,2
BRF:10
BRH:9
end_of_record
